Arguments: 
  /usr/bin/node /usr/share/yarn/bin/yarn.js publish

PATH: 
  /home/linuxbrew/.linuxbrew/bin:/home/linuxbrew/.linuxbrew/sbin:/usr/local/sbin:/usr/local/bin:/usr/sbin:/usr/bin:/sbin:/bin:/usr/games:/usr/local/games:/snap/bin:/usr/lib/jvm/java-8-oracle/bin:/usr/lib/jvm/java-8-oracle/db/bin:/usr/lib/jvm/java-8-oracle/jre/bin:/home/rico/Kunden/github/phalcon-devtools

Yarn version: 
  1.13.0

Node version: 
  8.10.0

Platform: 
  linux x64

Trace: 
  Error: canceled
      at Interface.<anonymous> (/usr/share/yarn/lib/cli.js:125657:13)
      at emitNone (events.js:106:13)
      at Interface.emit (events.js:208:7)
      at Interface._ttyWrite (readline.js:775:16)
      at ReadStream.onkeypress (readline.js:160:10)
      at emitTwo (events.js:126:13)
      at ReadStream.emit (events.js:214:7)
      at emitKeys (internal/readline.js:420:14)
      at emitKeys.next (<anonymous>)
      at ReadStream.onData (readline.js:1011:36)

npm manifest: 
  {
      "name": "@hundh/scroll-toggle",
      "version": "1.1.1",
      "description": "Simple javascript plugin to toggle elements on scroll.",
      "main": "js/scroll-toggle",
      "repository": "git@github.com:heimrichhannot/scroll-toggle.git",
      "author": "Heimrich & Hannot <digitales@heimrich-hannot.de>",
      "license": "MIT",
      "publishConfig": {
          "access": "public"
      },
      "dependencies": {
          "@hundh/contao-utils-bundle": "^1.6.0"
      }
  }

yarn manifest: 
  No manifest

Lockfile: 
  No lockfile
